Copyright 1986-2018 Xilinx, Inc. All Rights Reserved.
------------------------------------------------------------------------------------
| Tool Version : Vivado v.2018.3 (lin64) Build 2405991 Thu Dec  6 23:36:41 MST 2018
| Date         : Thu Sep  5 23:50:37 2019
| Host         : BoomBoom running 64-bit Ubuntu 16.04.5 LTS
| Command      : upgrade_ip
| Device       : xc7a35tcpg236-1
------------------------------------------------------------------------------------

Upgrade Log for IP 'microblaze_MCU_ps2_keyboard_0_0'

1. Summary
----------

SUCCESS in the upgrade of microblaze_MCU_ps2_keyboard_0_0 (user.org:user:ps2_keyboard:1.0) from (Rev. 4) to (Rev. 5)






Copyright 1986-2018 Xilinx, Inc. All Rights Reserved.
------------------------------------------------------------------------------------
| Tool Version : Vivado v.2018.3 (lin64) Build 2405991 Thu Dec  6 23:36:41 MST 2018
| Date         : Thu Sep  5 19:42:29 2019
| Host         : BoomBoom running 64-bit Ubuntu 16.04.5 LTS
| Command      : upgrade_ip
| Device       : xc7a35tcpg236-1
------------------------------------------------------------------------------------

Upgrade Log for IP 'microblaze_MCU_ps2_keyboard_0_0'

1. Summary
----------

SUCCESS in the upgrade of microblaze_MCU_ps2_keyboard_0_0 (user.org:user:ps2_keyboard:1.0) from (Rev. 3) to (Rev. 4)






Copyright 1986-2018 Xilinx, Inc. All Rights Reserved.
------------------------------------------------------------------------------------
| Tool Version : Vivado v.2018.3 (lin64) Build 2405991 Thu Dec  6 23:36:41 MST 2018
| Date         : Thu Sep  5 19:33:48 2019
| Host         : BoomBoom running 64-bit Ubuntu 16.04.5 LTS
| Command      : upgrade_ip
| Device       : xc7a35tcpg236-1
------------------------------------------------------------------------------------

Upgrade Log for IP 'microblaze_MCU_ps2_keyboard_0_0'

1. Summary
----------

SUCCESS in the upgrade of microblaze_MCU_ps2_keyboard_0_0 (user.org:user:ps2_keyboard:1.0) from (Rev. 2) to (Rev. 3)

