#
# An unexpected error has occurred (11)
#
Stack:
/lib/x86_64-linux-gnu/libc.so.6(+0x3ef20) [0x7f1a94f88f20]
/lib64/ld-linux-x86-64.so.2(+0xca2b) [0x7f1a96f90a2b]
/lib64/ld-linux-x86-64.so.2(+0x150bd) [0x7f1a96f990bd]
/lib/x86_64-linux-gnu/libc.so.6(_dl_catch_exception+0x6f) [0x7f1a950b12df]
/lib64/ld-linux-x86-64.so.2(+0x147ca) [0x7f1a96f987ca]
/lib/x86_64-linux-gnu/libdl.so.2(+0xf96) [0x7f1a8fdedf96]
/lib/x86_64-linux-gnu/libc.so.6(_dl_catch_exception+0x6f) [0x7f1a950b12df]
/lib/x86_64-linux-gnu/libc.so.6(_dl_catch_error+0x2f) [0x7f1a950b136f]
/lib/x86_64-linux-gnu/libdl.so.2(+0x1735) [0x7f1a8fdee735]
/lib/x86_64-linux-gnu/libdl.so.2(dlopen+0x71) [0x7f1a8fdee051]
/tools/Xilinx/Vivado/2019.1/lib/lnx64.o/libtcl8.5.so(+0xddeb0) [0x7f1a9068aeb0]
/tools/Xilinx/Vivado/2019.1/lib/lnx64.o/libtcl8.5.so(+0x9a696) [0x7f1a90647696]
/tools/Xilinx/Vivado/2019.1/lib/lnx64.o/libtcl8.5.so(+0x9eba3) [0x7f1a9064bba3]
/tools/Xilinx/Vivado/2019.1/lib/lnx64.o/libtcl8.5.so(+0x334af) [0x7f1a905e04af]
/tools/Xilinx/Vivado/2019.1/lib/lnx64.o/libtcl8.5.so(+0x34b38) [0x7f1a905e1b38]
/tools/Xilinx/Vivado/2019.1/lib/lnx64.o/libtcl8.5.so(Tcl_EvalEx+0x13) [0x7f1a905e20a3]
/tools/Xilinx/Vivado/2019.1/lib/lnx64.o/libtcl8.5.so(TclEvalObjEx+0x3cf) [0x7f1a905e24af]
/tools/Xilinx/Vivado/2019.1/lib/lnx64.o/libtcl8.5.so(+0xb74a9) [0x7f1a906644a9]
/tools/Xilinx/Vivado/2019.1/lib/lnx64.o/libtcl8.5.so(+0x334af) [0x7f1a905e04af]
/tools/Xilinx/Vivado/2019.1/lib/lnx64.o/libtcl8.5.so(+0x76875) [0x7f1a90623875]
/tools/Xilinx/Vivado/2019.1/lib/lnx64.o/libtcl8.5.so(+0x7e029) [0x7f1a9062b029]
/tools/Xilinx/Vivado/2019.1/lib/lnx64.o/libtcl8.5.so(TclEvalObjEx+0x76) [0x7f1a905e2156]
/tools/Xilinx/Vivado/2019.1/lib/lnx64.o/librdi_commontasks.so(+0x1ebcc4) [0x7f1a8a718cc4]
/tools/Xilinx/Vivado/2019.1/lib/lnx64.o/libtcl8.5.so(+0x334af) [0x7f1a905e04af]
/tools/Xilinx/Vivado/2019.1/lib/lnx64.o/libtcl8.5.so(+0x76875) [0x7f1a90623875]
/tools/Xilinx/Vivado/2019.1/lib/lnx64.o/libtcl8.5.so(TclObjInterpProcCore+0x420) [0x7f1a90664df0]
/tools/Xilinx/Vivado/2019.1/lib/lnx64.o/libtcl8.5.so(+0x334af) [0x7f1a905e04af]
/tools/Xilinx/Vivado/2019.1/lib/lnx64.o/libtcl8.5.so(+0x34b38) [0x7f1a905e1b38]
/tools/Xilinx/Vivado/2019.1/lib/lnx64.o/libtcl8.5.so(Tcl_EvalEx+0x13) [0x7f1a905e20a3]
/tools/Xilinx/Vivado/2019.1/lib/lnx64.o/libtcl8.5.so(Tcl_FSEvalFileEx+0x1da) [0x7f1a90646c5a]
/tools/Xilinx/Vivado/2019.1/lib/lnx64.o/librdi_commontasks.so(+0x208e5d) [0x7f1a8a735e5d]
/tools/Xilinx/Vivado/2019.1/lib/lnx64.o/librdi_common.so(+0x8068e2) [0x7f1a962f08e2]
/tools/Xilinx/Vivado/2019.1/lib/lnx64.o/libtcl8.5.so(+0x334af) [0x7f1a905e04af]
/tools/Xilinx/Vivado/2019.1/lib/lnx64.o/libtcl8.5.so(Tcl_EvalObjv+0x32) [0x7f1a905e05e2]
/tools/Xilinx/Vivado/2019.1/lib/lnx64.o/libtcl8.5.so(TclEvalObjEx+0x322) [0x7f1a905e2402]
/tools/Xilinx/Vivado/2019.1/lib/lnx64.o/librdi_commontasks.so(+0x3c62ca) [0x7f1a8a8f32ca]
/tools/Xilinx/Vivado/2019.1/lib/lnx64.o/librdi_common.so(+0x8068e2) [0x7f1a962f08e2]
/tools/Xilinx/Vivado/2019.1/lib/lnx64.o/libtcl8.5.so(+0x334af) [0x7f1a905e04af]
/tools/Xilinx/Vivado/2019.1/lib/lnx64.o/libtcl8.5.so(+0x34b38) [0x7f1a905e1b38]
/tools/Xilinx/Vivado/2019.1/lib/lnx64.o/libtcl8.5.so(Tcl_EvalEx+0x13) [0x7f1a905e20a3]
/tools/Xilinx/Vivado/2019.1/lib/lnx64.o/libtcl8.5.so(Tcl_FSEvalFileEx+0x1da) [0x7f1a90646c5a]
/tools/Xilinx/Vivado/2019.1/lib/lnx64.o/librdi_commontasks.so(+0x208e5d) [0x7f1a8a735e5d]
/tools/Xilinx/Vivado/2019.1/lib/lnx64.o/librdi_common.so(+0x8068e2) [0x7f1a962f08e2]
/tools/Xilinx/Vivado/2019.1/lib/lnx64.o/libtcl8.5.so(+0x334af) [0x7f1a905e04af]
/tools/Xilinx/Vivado/2019.1/lib/lnx64.o/libtcl8.5.so(Tcl_EvalObjv+0x32) [0x7f1a905e05e2]
/tools/Xilinx/Vivado/2019.1/lib/lnx64.o/libtcl8.5.so(TclEvalObjEx+0x322) [0x7f1a905e2402]
/tools/Xilinx/Vivado/2019.1/lib/lnx64.o/librdi_commontasks.so(+0x239dba) [0x7f1a8a766dba]
/tools/Xilinx/Vivado/2019.1/lib/lnx64.o/librdi_commontasks.so(+0x23c1fe) [0x7f1a8a7691fe]
/tools/Xilinx/Vivado/2019.1/lib/lnx64.o/librdi_common.so(+0x8068e2) [0x7f1a962f08e2]
/tools/Xilinx/Vivado/2019.1/lib/lnx64.o/libtcl8.5.so(+0x334af) [0x7f1a905e04af]
/tools/Xilinx/Vivado/2019.1/lib/lnx64.o/libtcl8.5.so(Tcl_EvalObjv+0x32) [0x7f1a905e05e2]
/tools/Xilinx/Vivado/2019.1/lib/lnx64.o/libtcl8.5.so(TclEvalObjEx+0x322) [0x7f1a905e2402]
/tools/Xilinx/Vivado/2019.1/lib/lnx64.o/librdi_commonmain.so(+0x7424) [0x7f1a958e6424]
/tools/Xilinx/Vivado/2019.1/lib/lnx64.o/libtcl8.5.so(Tcl_Main+0x1d0) [0x7f1a9064d210]
/tools/Xilinx/Vivado/2019.1/lib/lnx64.o/librdi_common.so(+0x84ac9b) [0x7f1a96334c9b]
/lib/x86_64-linux-gnu/libpthread.so.0(+0x76db) [0x7f1a94d326db]
/lib/x86_64-linux-gnu/libc.so.6(clone+0x3f) [0x7f1a9506b88f]
