18:36:04 INFO  : Registering command handlers for SDK TCF services
18:36:08 INFO  : Launching XSCT server: xsct -n -interactive /home/filip/Projects/xilinx/microblaze_VGA/microblaze_VGA.sdk/temp_xsdb_launch_script.tcl
18:36:14 INFO  : XSCT server has started successfully.
18:36:15 INFO  : Successfully done setting XSCT server connection channel  
18:36:15 INFO  : Successfully done setting SDK workspace  
18:36:15 INFO  : Processing command line option -hwspec /home/filip/Projects/xilinx/microblaze_VGA/microblaze_VGA.sdk/microblaze_MCU_wrapper.hdf.
18:40:32 INFO  : Connected to target on host '127.0.0.1' and port '3121'.
18:40:33 INFO  : 'targets -set -filter {jtag_cable_name =~ "Digilent Basys3 210183713238A" && level==0} -index 0' command is executed.
18:40:34 INFO  : FPGA configured successfully with bitstream "/home/filip/Projects/xilinx/microblaze_VGA/microblaze_VGA.sdk/microblaze_MCU_wrapper_hw_platform_0/download.bit"
18:40:42 INFO  : 'targets -set -filter {jtag_cable_name =~ "Digilent Basys3 210183713238A" && level==0} -index 0' command is executed.
18:40:42 INFO  : 'fpga -state' command is executed.
18:40:42 INFO  : Connected to target on host '127.0.0.1' and port '3121'.
18:40:42 INFO  : Jtag cable 'Digilent Basys3 210183713238A' is selected.
18:40:42 INFO  : 'jtag frequency' command is executed.
18:40:42 INFO  : 'configparams mdm-detect-bscan-mask 2' command is executed.
18:40:42 INFO  : Context for processor 'microblaze_0' is selected.
18:40:42 INFO  : Processor reset is completed for 'microblaze_0'.
18:40:42 INFO  : Context for processor 'microblaze_0' is selected.
18:40:42 INFO  : The application '/home/filip/Projects/xilinx/microblaze_VGA/microblaze_VGA.sdk/vga_test/Debug/vga_test.elf' is downloaded to processor 'microblaze_0'.
18:40:42 INFO  : ----------------XSDB Script----------------
connect -url tcp:127.0.0.1:3121
configparams mdm-detect-bscan-mask 2
targets -set -nocase -filter {name =~ "microblaze*#0" && bscan=="USER2"  && jtag_cable_name =~ "Digilent Basys3 210183713238A"} -index 0
rst -processor
targets -set -nocase -filter {name =~ "microblaze*#0" && bscan=="USER2"  && jtag_cable_name =~ "Digilent Basys3 210183713238A"} -index 0
dow /home/filip/Projects/xilinx/microblaze_VGA/microblaze_VGA.sdk/vga_test/Debug/vga_test.elf
----------------End of Script----------------

18:40:42 INFO  : Memory regions updated for context MicroBlaze #0
18:40:42 INFO  : Memory regions updated for context MicroBlaze #0
18:40:42 INFO  : Context for processor 'microblaze_0' is selected.
18:40:42 INFO  : 'con' command is executed.
18:40:42 INFO  : ----------------XSDB Script (After Launch)----------------
targets -set -nocase -filter {name =~ "microblaze*#0" && bscan=="USER2"  && jtag_cable_name =~ "Digilent Basys3 210183713238A"} -index 0
con
----------------End of Script----------------

18:40:42 INFO  : Launch script is exported to file '/home/filip/Projects/xilinx/microblaze_VGA/microblaze_VGA.sdk/.sdk/launch_scripts/xilinx_c-c++_application_(system_debugger)/system_debugger_using_debug_vga_test.elf_on_local.tcl'
19:49:04 INFO  : SDK has detected change in the last modified timestamps for source hardware specification file Source:1567705728000,  Project:1567701288000
19:49:04 INFO  : Project microblaze_MCU_wrapper_hw_platform_0's source hardware specification located at /home/filip/Projects/xilinx/microblaze_VGA/microblaze_VGA.sdk/microblaze_MCU_wrapper.hdf is now different from the local copy.
		 The local copy will be replaced with the source specification and your workspace will be updated.
19:49:07 INFO  : Copied contents of /home/filip/Projects/xilinx/microblaze_VGA/microblaze_VGA.sdk/microblaze_MCU_wrapper.hdf into /microblaze_MCU_wrapper_hw_platform_0/system.hdf.
19:49:07 INFO  : Synchronizing projects in the workspace with the hardware platform specification changes.
19:49:08 INFO  : 
19:49:09 INFO  : Updating hardware inferred compiler options for vga_test.
19:49:09 INFO  : Clearing existing target manager status.
19:49:09 INFO  : Closing and re-opening the MSS file of ther project vga_test_bsp
19:49:09 INFO  : Workspace synchronized with the new hardware specification file. Cleaning dependent projects...
19:49:11 WARN  : Linker script will not be updated automatically. Users need to update it manually.
19:50:58 INFO  : Connected to target on host '127.0.0.1' and port '3121'.
19:50:58 INFO  : 'targets -set -filter {jtag_cable_name =~ "Digilent Basys3 210183713238A" && level==0} -index 0' command is executed.
19:50:59 INFO  : FPGA configured successfully with bitstream "/home/filip/Projects/xilinx/microblaze_VGA/microblaze_VGA.sdk/microblaze_MCU_wrapper_hw_platform_0/download.bit"
19:51:15 INFO  : Disconnected from the channel tcfchan#1.
19:51:16 INFO  : 'targets -set -filter {jtag_cable_name =~ "Digilent Basys3 210183713238A" && level==0} -index 0' command is executed.
19:51:16 INFO  : 'fpga -state' command is executed.
19:51:16 INFO  : Connected to target on host '127.0.0.1' and port '3121'.
19:51:16 INFO  : Jtag cable 'Digilent Basys3 210183713238A' is selected.
19:51:16 INFO  : 'jtag frequency' command is executed.
19:51:16 INFO  : 'configparams mdm-detect-bscan-mask 2' command is executed.
19:51:16 INFO  : Context for processor 'microblaze_0' is selected.
19:51:16 INFO  : Processor reset is completed for 'microblaze_0'.
19:51:16 INFO  : Context for processor 'microblaze_0' is selected.
19:51:16 INFO  : The application '/home/filip/Projects/xilinx/microblaze_VGA/microblaze_VGA.sdk/vga_and_keyboard_test/Debug/vga_and_keyboard_test.elf' is downloaded to processor 'microblaze_0'.
19:51:16 INFO  : ----------------XSDB Script----------------
connect -url tcp:127.0.0.1:3121
configparams mdm-detect-bscan-mask 2
targets -set -nocase -filter {name =~ "microblaze*#0" && bscan=="USER2"  && jtag_cable_name =~ "Digilent Basys3 210183713238A"} -index 0
rst -processor
targets -set -nocase -filter {name =~ "microblaze*#0" && bscan=="USER2"  && jtag_cable_name =~ "Digilent Basys3 210183713238A"} -index 0
dow /home/filip/Projects/xilinx/microblaze_VGA/microblaze_VGA.sdk/vga_and_keyboard_test/Debug/vga_and_keyboard_test.elf
----------------End of Script----------------

19:51:16 INFO  : Memory regions updated for context MicroBlaze #0
19:51:16 INFO  : Memory regions updated for context MicroBlaze #0
19:51:16 INFO  : Context for processor 'microblaze_0' is selected.
19:51:16 INFO  : 'con' command is executed.
19:51:16 INFO  : ----------------XSDB Script (After Launch)----------------
targets -set -nocase -filter {name =~ "microblaze*#0" && bscan=="USER2"  && jtag_cable_name =~ "Digilent Basys3 210183713238A"} -index 0
con
----------------End of Script----------------

19:51:16 INFO  : Launch script is exported to file '/home/filip/Projects/xilinx/microblaze_VGA/microblaze_VGA.sdk/.sdk/launch_scripts/xilinx_c-c++_application_(system_debugger)/system_debugger_using_debug_vga_and_keyboard_test.elf_on_local.tcl'
19:52:12 INFO  : Connected to target on host '127.0.0.1' and port '3121'.
19:52:12 INFO  : 'targets -set -filter {jtag_cable_name =~ "Digilent Basys3 210183713238A" && level==0} -index 0' command is executed.
19:52:14 INFO  : FPGA configured successfully with bitstream "/home/filip/Projects/xilinx/microblaze_VGA/microblaze_VGA.sdk/microblaze_MCU_wrapper_hw_platform_0/download.bit"
19:52:23 INFO  : Disconnected from the channel tcfchan#2.
19:52:25 INFO  : 'targets -set -filter {jtag_cable_name =~ "Digilent Basys3 210183713238A" && level==0} -index 0' command is executed.
19:52:25 INFO  : 'fpga -state' command is executed.
19:52:25 INFO  : Connected to target on host '127.0.0.1' and port '3121'.
19:52:25 INFO  : Jtag cable 'Digilent Basys3 210183713238A' is selected.
19:52:25 INFO  : 'jtag frequency' command is executed.
19:52:25 INFO  : 'configparams mdm-detect-bscan-mask 2' command is executed.
19:52:25 INFO  : Context for processor 'microblaze_0' is selected.
19:52:25 INFO  : Processor reset is completed for 'microblaze_0'.
19:52:25 INFO  : Context for processor 'microblaze_0' is selected.
19:52:25 INFO  : The application '/home/filip/Projects/xilinx/microblaze_VGA/microblaze_VGA.sdk/vga_and_keyboard_test/Debug/vga_and_keyboard_test.elf' is downloaded to processor 'microblaze_0'.
19:52:25 INFO  : ----------------XSDB Script----------------
connect -url tcp:127.0.0.1:3121
configparams mdm-detect-bscan-mask 2
targets -set -nocase -filter {name =~ "microblaze*#0" && bscan=="USER2"  && jtag_cable_name =~ "Digilent Basys3 210183713238A"} -index 0
rst -processor
targets -set -nocase -filter {name =~ "microblaze*#0" && bscan=="USER2"  && jtag_cable_name =~ "Digilent Basys3 210183713238A"} -index 0
dow /home/filip/Projects/xilinx/microblaze_VGA/microblaze_VGA.sdk/vga_and_keyboard_test/Debug/vga_and_keyboard_test.elf
----------------End of Script----------------

19:52:25 INFO  : Memory regions updated for context MicroBlaze #0
19:52:25 INFO  : Memory regions updated for context MicroBlaze #0
19:52:25 INFO  : Context for processor 'microblaze_0' is selected.
19:52:25 INFO  : 'con' command is executed.
19:52:25 INFO  : ----------------XSDB Script (After Launch)----------------
targets -set -nocase -filter {name =~ "microblaze*#0" && bscan=="USER2"  && jtag_cable_name =~ "Digilent Basys3 210183713238A"} -index 0
con
----------------End of Script----------------

19:52:25 INFO  : Launch script is exported to file '/home/filip/Projects/xilinx/microblaze_VGA/microblaze_VGA.sdk/.sdk/launch_scripts/xilinx_c-c++_application_(system_debugger)/system_debugger_using_debug_vga_and_keyboard_test.elf_on_local.tcl'
20:30:11 INFO  : Connected to target on host '127.0.0.1' and port '3121'.
20:30:11 INFO  : 'targets -set -filter {jtag_cable_name =~ "Digilent Basys3 210183713238A" && level==0} -index 0' command is executed.
20:30:12 INFO  : FPGA configured successfully with bitstream "/home/filip/Projects/xilinx/microblaze_VGA/microblaze_VGA.sdk/microblaze_MCU_wrapper_hw_platform_0/download.bit"
20:30:21 INFO  : Disconnected from the channel tcfchan#3.
20:30:22 INFO  : 'targets -set -filter {jtag_cable_name =~ "Digilent Basys3 210183713238A" && level==0} -index 0' command is executed.
20:30:22 INFO  : 'fpga -state' command is executed.
20:30:22 INFO  : Connected to target on host '127.0.0.1' and port '3121'.
20:30:22 INFO  : Jtag cable 'Digilent Basys3 210183713238A' is selected.
20:30:22 INFO  : 'jtag frequency' command is executed.
20:30:22 INFO  : 'configparams mdm-detect-bscan-mask 2' command is executed.
20:30:22 INFO  : Context for processor 'microblaze_0' is selected.
20:30:22 INFO  : Processor reset is completed for 'microblaze_0'.
20:30:22 INFO  : Context for processor 'microblaze_0' is selected.
20:30:22 INFO  : The application '/home/filip/Projects/xilinx/microblaze_VGA/microblaze_VGA.sdk/vga_and_keyboard_test/Debug/vga_and_keyboard_test.elf' is downloaded to processor 'microblaze_0'.
20:30:22 INFO  : ----------------XSDB Script----------------
connect -url tcp:127.0.0.1:3121
configparams mdm-detect-bscan-mask 2
targets -set -nocase -filter {name =~ "microblaze*#0" && bscan=="USER2"  && jtag_cable_name =~ "Digilent Basys3 210183713238A"} -index 0
rst -processor
targets -set -nocase -filter {name =~ "microblaze*#0" && bscan=="USER2"  && jtag_cable_name =~ "Digilent Basys3 210183713238A"} -index 0
dow /home/filip/Projects/xilinx/microblaze_VGA/microblaze_VGA.sdk/vga_and_keyboard_test/Debug/vga_and_keyboard_test.elf
----------------End of Script----------------

20:30:22 INFO  : Memory regions updated for context MicroBlaze #0
20:30:22 INFO  : Memory regions updated for context MicroBlaze #0
20:30:22 INFO  : Context for processor 'microblaze_0' is selected.
20:30:22 INFO  : 'con' command is executed.
20:30:22 INFO  : ----------------XSDB Script (After Launch)----------------
targets -set -nocase -filter {name =~ "microblaze*#0" && bscan=="USER2"  && jtag_cable_name =~ "Digilent Basys3 210183713238A"} -index 0
con
----------------End of Script----------------

20:30:22 INFO  : Launch script is exported to file '/home/filip/Projects/xilinx/microblaze_VGA/microblaze_VGA.sdk/.sdk/launch_scripts/xilinx_c-c++_application_(system_debugger)/system_debugger_using_debug_vga_and_keyboard_test.elf_on_local.tcl'
20:31:05 INFO  : Connected to target on host '127.0.0.1' and port '3121'.
20:31:23 INFO  : Connected to target on host '127.0.0.1' and port '3121'.
20:31:23 INFO  : 'targets -set -filter {jtag_cable_name =~ "Digilent Basys3 210183713238A" && level==0} -index 0' command is executed.
20:31:24 INFO  : FPGA configured successfully with bitstream "/home/filip/Projects/xilinx/microblaze_VGA/microblaze_VGA.sdk/microblaze_MCU_wrapper_hw_platform_0/download.bit"
20:31:32 INFO  : Disconnected from the channel tcfchan#4.
20:31:33 INFO  : 'targets -set -filter {jtag_cable_name =~ "Digilent Basys3 210183713238A" && level==0} -index 0' command is executed.
20:31:33 INFO  : 'fpga -state' command is executed.
20:31:33 INFO  : Connected to target on host '127.0.0.1' and port '3121'.
20:31:34 INFO  : Jtag cable 'Digilent Basys3 210183713238A' is selected.
20:31:34 INFO  : 'jtag frequency' command is executed.
20:31:34 INFO  : 'configparams mdm-detect-bscan-mask 2' command is executed.
20:31:34 INFO  : Context for processor 'microblaze_0' is selected.
20:31:34 INFO  : Processor reset is completed for 'microblaze_0'.
20:31:34 INFO  : Context for processor 'microblaze_0' is selected.
20:31:34 INFO  : The application '/home/filip/Projects/xilinx/microblaze_VGA/microblaze_VGA.sdk/vga_and_keyboard_test/Debug/vga_and_keyboard_test.elf' is downloaded to processor 'microblaze_0'.
20:31:34 INFO  : ----------------XSDB Script----------------
connect -url tcp:127.0.0.1:3121
configparams mdm-detect-bscan-mask 2
targets -set -nocase -filter {name =~ "microblaze*#0" && bscan=="USER2"  && jtag_cable_name =~ "Digilent Basys3 210183713238A"} -index 0
rst -processor
targets -set -nocase -filter {name =~ "microblaze*#0" && bscan=="USER2"  && jtag_cable_name =~ "Digilent Basys3 210183713238A"} -index 0
dow /home/filip/Projects/xilinx/microblaze_VGA/microblaze_VGA.sdk/vga_and_keyboard_test/Debug/vga_and_keyboard_test.elf
----------------End of Script----------------

20:31:34 INFO  : Memory regions updated for context MicroBlaze #0
20:31:34 INFO  : Memory regions updated for context MicroBlaze #0
20:31:34 INFO  : Context for processor 'microblaze_0' is selected.
20:31:34 INFO  : 'con' command is executed.
20:31:34 INFO  : ----------------XSDB Script (After Launch)----------------
targets -set -nocase -filter {name =~ "microblaze*#0" && bscan=="USER2"  && jtag_cable_name =~ "Digilent Basys3 210183713238A"} -index 0
con
----------------End of Script----------------

20:31:34 INFO  : Launch script is exported to file '/home/filip/Projects/xilinx/microblaze_VGA/microblaze_VGA.sdk/.sdk/launch_scripts/xilinx_c-c++_application_(system_debugger)/system_debugger_using_debug_vga_and_keyboard_test.elf_on_local.tcl'
20:33:47 INFO  : Connected to target on host '127.0.0.1' and port '3121'.
20:33:47 INFO  : 'targets -set -filter {jtag_cable_name =~ "Digilent Basys3 210183713238A" && level==0} -index 0' command is executed.
20:33:48 INFO  : FPGA configured successfully with bitstream "/home/filip/Projects/xilinx/microblaze_VGA/microblaze_VGA.sdk/microblaze_MCU_wrapper_hw_platform_0/download.bit"
20:33:59 INFO  : Disconnected from the channel tcfchan#5.
20:34:00 INFO  : 'targets -set -filter {jtag_cable_name =~ "Digilent Basys3 210183713238A" && level==0} -index 0' command is executed.
20:34:00 INFO  : 'fpga -state' command is executed.
20:34:00 INFO  : Connected to target on host '127.0.0.1' and port '3121'.
20:34:00 INFO  : Jtag cable 'Digilent Basys3 210183713238A' is selected.
20:34:00 INFO  : 'jtag frequency' command is executed.
20:34:00 INFO  : 'configparams mdm-detect-bscan-mask 2' command is executed.
20:34:00 INFO  : Context for processor 'microblaze_0' is selected.
20:34:00 INFO  : Processor reset is completed for 'microblaze_0'.
20:34:00 INFO  : Context for processor 'microblaze_0' is selected.
20:34:00 INFO  : The application '/home/filip/Projects/xilinx/microblaze_VGA/microblaze_VGA.sdk/vga_and_keyboard_test/Debug/vga_and_keyboard_test.elf' is downloaded to processor 'microblaze_0'.
20:34:00 INFO  : ----------------XSDB Script----------------
connect -url tcp:127.0.0.1:3121
configparams mdm-detect-bscan-mask 2
targets -set -nocase -filter {name =~ "microblaze*#0" && bscan=="USER2"  && jtag_cable_name =~ "Digilent Basys3 210183713238A"} -index 0
rst -processor
targets -set -nocase -filter {name =~ "microblaze*#0" && bscan=="USER2"  && jtag_cable_name =~ "Digilent Basys3 210183713238A"} -index 0
dow /home/filip/Projects/xilinx/microblaze_VGA/microblaze_VGA.sdk/vga_and_keyboard_test/Debug/vga_and_keyboard_test.elf
----------------End of Script----------------

20:34:00 INFO  : Memory regions updated for context MicroBlaze #0
20:34:00 INFO  : Memory regions updated for context MicroBlaze #0
20:34:00 INFO  : Context for processor 'microblaze_0' is selected.
20:34:00 INFO  : 'con' command is executed.
20:34:00 INFO  : ----------------XSDB Script (After Launch)----------------
targets -set -nocase -filter {name =~ "microblaze*#0" && bscan=="USER2"  && jtag_cable_name =~ "Digilent Basys3 210183713238A"} -index 0
con
----------------End of Script----------------

20:34:00 INFO  : Launch script is exported to file '/home/filip/Projects/xilinx/microblaze_VGA/microblaze_VGA.sdk/.sdk/launch_scripts/xilinx_c-c++_application_(system_debugger)/system_debugger_using_debug_vga_and_keyboard_test.elf_on_local.tcl'
23:59:14 INFO  : SDK has detected change in the last modified timestamps for source hardware specification file Source:1567720602000,  Project:1567705728000
23:59:14 INFO  : Project microblaze_MCU_wrapper_hw_platform_0's source hardware specification located at /home/filip/Projects/xilinx/microblaze_VGA/microblaze_VGA.sdk/microblaze_MCU_wrapper.hdf is now different from the local copy.
		 The local copy will be replaced with the source specification and your workspace will be updated.
23:59:16 INFO  : Copied contents of /home/filip/Projects/xilinx/microblaze_VGA/microblaze_VGA.sdk/microblaze_MCU_wrapper.hdf into /microblaze_MCU_wrapper_hw_platform_0/system.hdf.
23:59:16 INFO  : Synchronizing projects in the workspace with the hardware platform specification changes.
23:59:17 INFO  : 
23:59:18 INFO  : Updating hardware inferred compiler options for vga_and_keyboard_test.
23:59:18 INFO  : Clearing existing target manager status.
23:59:18 INFO  : Closing and re-opening the MSS file of ther project vga_and_keyboard_test_bsp
23:59:18 INFO  : Workspace synchronized with the new hardware specification file. Cleaning dependent projects...
23:59:19 WARN  : Linker script will not be updated automatically. Users need to update it manually.
23:59:57 INFO  : Connected to target on host '127.0.0.1' and port '3121'.
23:59:57 INFO  : 'targets -set -filter {jtag_cable_name =~ "Digilent Basys3 210183713238A" && level==0} -index 0' command is executed.
23:59:58 INFO  : FPGA configured successfully with bitstream "/home/filip/Projects/xilinx/microblaze_VGA/microblaze_VGA.sdk/microblaze_MCU_wrapper_hw_platform_0/download.bit"
00:00:10 INFO  : Disconnected from the channel tcfchan#6.
00:00:11 INFO  : 'targets -set -filter {jtag_cable_name =~ "Digilent Basys3 210183713238A" && level==0} -index 0' command is executed.
00:00:11 INFO  : 'fpga -state' command is executed.
00:00:11 INFO  : Connected to target on host '127.0.0.1' and port '3121'.
00:00:11 INFO  : Jtag cable 'Digilent Basys3 210183713238A' is selected.
00:00:11 INFO  : 'jtag frequency' command is executed.
00:00:11 INFO  : 'configparams mdm-detect-bscan-mask 2' command is executed.
00:00:11 INFO  : Context for processor 'microblaze_0' is selected.
00:00:11 INFO  : Processor reset is completed for 'microblaze_0'.
00:00:11 INFO  : Context for processor 'microblaze_0' is selected.
00:00:11 INFO  : The application '/home/filip/Projects/xilinx/microblaze_VGA/microblaze_VGA.sdk/vga_and_keyboard_test/Debug/vga_and_keyboard_test.elf' is downloaded to processor 'microblaze_0'.
00:00:11 INFO  : ----------------XSDB Script----------------
connect -url tcp:127.0.0.1:3121
configparams mdm-detect-bscan-mask 2
targets -set -nocase -filter {name =~ "microblaze*#0" && bscan=="USER2"  && jtag_cable_name =~ "Digilent Basys3 210183713238A"} -index 0
rst -processor
targets -set -nocase -filter {name =~ "microblaze*#0" && bscan=="USER2"  && jtag_cable_name =~ "Digilent Basys3 210183713238A"} -index 0
dow /home/filip/Projects/xilinx/microblaze_VGA/microblaze_VGA.sdk/vga_and_keyboard_test/Debug/vga_and_keyboard_test.elf
----------------End of Script----------------

00:00:11 INFO  : Memory regions updated for context MicroBlaze #0
00:00:11 INFO  : Memory regions updated for context MicroBlaze #0
00:00:11 INFO  : Context for processor 'microblaze_0' is selected.
00:00:11 INFO  : 'con' command is executed.
00:00:11 INFO  : ----------------XSDB Script (After Launch)----------------
targets -set -nocase -filter {name =~ "microblaze*#0" && bscan=="USER2"  && jtag_cable_name =~ "Digilent Basys3 210183713238A"} -index 0
con
----------------End of Script----------------

00:00:11 INFO  : Launch script is exported to file '/home/filip/Projects/xilinx/microblaze_VGA/microblaze_VGA.sdk/.sdk/launch_scripts/xilinx_c-c++_application_(system_debugger)/system_debugger_using_debug_vga_and_keyboard_test.elf_on_local.tcl'
00:02:48 INFO  : Connected to target on host '127.0.0.1' and port '3121'.
00:02:48 INFO  : 'targets -set -filter {jtag_cable_name =~ "Digilent Basys3 210183713238A" && level==0} -index 0' command is executed.
00:02:49 INFO  : FPGA configured successfully with bitstream "/home/filip/Projects/xilinx/microblaze_VGA/microblaze_VGA.sdk/microblaze_MCU_wrapper_hw_platform_0/download.bit"
00:03:02 INFO  : Disconnected from the channel tcfchan#7.
00:03:03 INFO  : 'targets -set -filter {jtag_cable_name =~ "Digilent Basys3 210183713238A" && level==0} -index 0' command is executed.
00:03:03 INFO  : 'fpga -state' command is executed.
00:03:03 INFO  : Connected to target on host '127.0.0.1' and port '3121'.
00:03:03 INFO  : Jtag cable 'Digilent Basys3 210183713238A' is selected.
00:03:03 INFO  : 'jtag frequency' command is executed.
00:03:03 INFO  : 'configparams mdm-detect-bscan-mask 2' command is executed.
00:03:03 INFO  : Context for processor 'microblaze_0' is selected.
00:03:03 INFO  : Processor reset is completed for 'microblaze_0'.
00:03:03 INFO  : Context for processor 'microblaze_0' is selected.
00:03:03 INFO  : The application '/home/filip/Projects/xilinx/microblaze_VGA/microblaze_VGA.sdk/vga_and_keyboard_test/Debug/vga_and_keyboard_test.elf' is downloaded to processor 'microblaze_0'.
00:03:03 INFO  : ----------------XSDB Script----------------
connect -url tcp:127.0.0.1:3121
configparams mdm-detect-bscan-mask 2
targets -set -nocase -filter {name =~ "microblaze*#0" && bscan=="USER2"  && jtag_cable_name =~ "Digilent Basys3 210183713238A"} -index 0
rst -processor
targets -set -nocase -filter {name =~ "microblaze*#0" && bscan=="USER2"  && jtag_cable_name =~ "Digilent Basys3 210183713238A"} -index 0
dow /home/filip/Projects/xilinx/microblaze_VGA/microblaze_VGA.sdk/vga_and_keyboard_test/Debug/vga_and_keyboard_test.elf
----------------End of Script----------------

00:03:03 INFO  : Memory regions updated for context MicroBlaze #0
00:03:03 INFO  : Memory regions updated for context MicroBlaze #0
00:03:03 INFO  : Context for processor 'microblaze_0' is selected.
00:03:03 INFO  : 'con' command is executed.
00:03:03 INFO  : ----------------XSDB Script (After Launch)----------------
targets -set -nocase -filter {name =~ "microblaze*#0" && bscan=="USER2"  && jtag_cable_name =~ "Digilent Basys3 210183713238A"} -index 0
con
----------------End of Script----------------

00:03:03 INFO  : Launch script is exported to file '/home/filip/Projects/xilinx/microblaze_VGA/microblaze_VGA.sdk/.sdk/launch_scripts/xilinx_c-c++_application_(system_debugger)/system_debugger_using_debug_vga_and_keyboard_test.elf_on_local.tcl'
00:05:59 INFO  : Connected to target on host '127.0.0.1' and port '3121'.
00:05:59 INFO  : 'targets -set -filter {jtag_cable_name =~ "Digilent Basys3 210183713238A" && level==0} -index 0' command is executed.
00:06:00 INFO  : FPGA configured successfully with bitstream "/home/filip/Projects/xilinx/microblaze_VGA/microblaze_VGA.sdk/microblaze_MCU_wrapper_hw_platform_0/download.bit"
00:06:07 INFO  : Disconnected from the channel tcfchan#8.
00:06:08 INFO  : 'targets -set -filter {jtag_cable_name =~ "Digilent Basys3 210183713238A" && level==0} -index 0' command is executed.
00:06:08 INFO  : 'fpga -state' command is executed.
00:06:08 INFO  : Connected to target on host '127.0.0.1' and port '3121'.
00:06:08 INFO  : Jtag cable 'Digilent Basys3 210183713238A' is selected.
00:06:08 INFO  : 'jtag frequency' command is executed.
00:06:08 INFO  : 'configparams mdm-detect-bscan-mask 2' command is executed.
00:06:08 INFO  : Context for processor 'microblaze_0' is selected.
00:06:08 INFO  : Processor reset is completed for 'microblaze_0'.
00:06:08 INFO  : Context for processor 'microblaze_0' is selected.
00:06:08 INFO  : The application '/home/filip/Projects/xilinx/microblaze_VGA/microblaze_VGA.sdk/vga_and_keyboard_test/Debug/vga_and_keyboard_test.elf' is downloaded to processor 'microblaze_0'.
00:06:08 INFO  : ----------------XSDB Script----------------
connect -url tcp:127.0.0.1:3121
configparams mdm-detect-bscan-mask 2
targets -set -nocase -filter {name =~ "microblaze*#0" && bscan=="USER2"  && jtag_cable_name =~ "Digilent Basys3 210183713238A"} -index 0
rst -processor
targets -set -nocase -filter {name =~ "microblaze*#0" && bscan=="USER2"  && jtag_cable_name =~ "Digilent Basys3 210183713238A"} -index 0
dow /home/filip/Projects/xilinx/microblaze_VGA/microblaze_VGA.sdk/vga_and_keyboard_test/Debug/vga_and_keyboard_test.elf
----------------End of Script----------------

00:06:08 INFO  : Memory regions updated for context MicroBlaze #0
00:06:08 INFO  : Memory regions updated for context MicroBlaze #0
00:06:08 INFO  : Context for processor 'microblaze_0' is selected.
00:06:08 INFO  : 'con' command is executed.
00:06:08 INFO  : ----------------XSDB Script (After Launch)----------------
targets -set -nocase -filter {name =~ "microblaze*#0" && bscan=="USER2"  && jtag_cable_name =~ "Digilent Basys3 210183713238A"} -index 0
con
----------------End of Script----------------

00:06:08 INFO  : Launch script is exported to file '/home/filip/Projects/xilinx/microblaze_VGA/microblaze_VGA.sdk/.sdk/launch_scripts/xilinx_c-c++_application_(system_debugger)/system_debugger_using_debug_vga_and_keyboard_test.elf_on_local.tcl'
00:07:42 INFO  : Connected to target on host '127.0.0.1' and port '3121'.
00:07:42 INFO  : 'targets -set -filter {jtag_cable_name =~ "Digilent Basys3 210183713238A" && level==0} -index 0' command is executed.
00:07:43 INFO  : FPGA configured successfully with bitstream "/home/filip/Projects/xilinx/microblaze_VGA/microblaze_VGA.sdk/microblaze_MCU_wrapper_hw_platform_0/download.bit"
00:07:48 INFO  : Disconnected from the channel tcfchan#9.
00:07:49 INFO  : 'targets -set -filter {jtag_cable_name =~ "Digilent Basys3 210183713238A" && level==0} -index 0' command is executed.
00:07:49 INFO  : 'fpga -state' command is executed.
00:07:49 INFO  : Connected to target on host '127.0.0.1' and port '3121'.
00:07:49 INFO  : Jtag cable 'Digilent Basys3 210183713238A' is selected.
00:07:49 INFO  : 'jtag frequency' command is executed.
00:07:49 INFO  : 'configparams mdm-detect-bscan-mask 2' command is executed.
00:07:49 INFO  : Context for processor 'microblaze_0' is selected.
00:07:49 INFO  : Processor reset is completed for 'microblaze_0'.
00:07:49 INFO  : Context for processor 'microblaze_0' is selected.
00:07:49 INFO  : The application '/home/filip/Projects/xilinx/microblaze_VGA/microblaze_VGA.sdk/vga_and_keyboard_test/Debug/vga_and_keyboard_test.elf' is downloaded to processor 'microblaze_0'.
00:07:49 INFO  : ----------------XSDB Script----------------
connect -url tcp:127.0.0.1:3121
configparams mdm-detect-bscan-mask 2
targets -set -nocase -filter {name =~ "microblaze*#0" && bscan=="USER2"  && jtag_cable_name =~ "Digilent Basys3 210183713238A"} -index 0
rst -processor
targets -set -nocase -filter {name =~ "microblaze*#0" && bscan=="USER2"  && jtag_cable_name =~ "Digilent Basys3 210183713238A"} -index 0
dow /home/filip/Projects/xilinx/microblaze_VGA/microblaze_VGA.sdk/vga_and_keyboard_test/Debug/vga_and_keyboard_test.elf
----------------End of Script----------------

00:07:49 INFO  : Memory regions updated for context MicroBlaze #0
00:07:49 INFO  : Memory regions updated for context MicroBlaze #0
00:07:49 INFO  : Context for processor 'microblaze_0' is selected.
00:07:49 INFO  : 'con' command is executed.
00:07:49 INFO  : ----------------XSDB Script (After Launch)----------------
targets -set -nocase -filter {name =~ "microblaze*#0" && bscan=="USER2"  && jtag_cable_name =~ "Digilent Basys3 210183713238A"} -index 0
con
----------------End of Script----------------

00:07:49 INFO  : Launch script is exported to file '/home/filip/Projects/xilinx/microblaze_VGA/microblaze_VGA.sdk/.sdk/launch_scripts/xilinx_c-c++_application_(system_debugger)/system_debugger_using_debug_vga_and_keyboard_test.elf_on_local.tcl'
00:08:35 INFO  : Connected to target on host '127.0.0.1' and port '3121'.
00:08:35 INFO  : 'targets -set -filter {jtag_cable_name =~ "Digilent Basys3 210183713238A" && level==0} -index 0' command is executed.
00:08:37 INFO  : FPGA configured successfully with bitstream "/home/filip/Projects/xilinx/microblaze_VGA/microblaze_VGA.sdk/microblaze_MCU_wrapper_hw_platform_0/download.bit"
00:08:44 INFO  : Disconnected from the channel tcfchan#10.
00:08:45 INFO  : 'targets -set -filter {jtag_cable_name =~ "Digilent Basys3 210183713238A" && level==0} -index 0' command is executed.
00:08:45 INFO  : 'fpga -state' command is executed.
00:08:45 INFO  : Connected to target on host '127.0.0.1' and port '3121'.
00:08:45 INFO  : Jtag cable 'Digilent Basys3 210183713238A' is selected.
00:08:45 INFO  : 'jtag frequency' command is executed.
00:08:45 INFO  : 'configparams mdm-detect-bscan-mask 2' command is executed.
00:08:45 INFO  : Context for processor 'microblaze_0' is selected.
00:08:45 INFO  : Processor reset is completed for 'microblaze_0'.
00:08:45 INFO  : Context for processor 'microblaze_0' is selected.
00:08:45 INFO  : The application '/home/filip/Projects/xilinx/microblaze_VGA/microblaze_VGA.sdk/vga_and_keyboard_test/Debug/vga_and_keyboard_test.elf' is downloaded to processor 'microblaze_0'.
00:08:45 INFO  : ----------------XSDB Script----------------
connect -url tcp:127.0.0.1:3121
configparams mdm-detect-bscan-mask 2
targets -set -nocase -filter {name =~ "microblaze*#0" && bscan=="USER2"  && jtag_cable_name =~ "Digilent Basys3 210183713238A"} -index 0
rst -processor
targets -set -nocase -filter {name =~ "microblaze*#0" && bscan=="USER2"  && jtag_cable_name =~ "Digilent Basys3 210183713238A"} -index 0
dow /home/filip/Projects/xilinx/microblaze_VGA/microblaze_VGA.sdk/vga_and_keyboard_test/Debug/vga_and_keyboard_test.elf
----------------End of Script----------------

00:08:45 INFO  : Memory regions updated for context MicroBlaze #0
00:08:45 INFO  : Memory regions updated for context MicroBlaze #0
00:08:45 INFO  : Context for processor 'microblaze_0' is selected.
00:08:45 INFO  : 'con' command is executed.
00:08:45 INFO  : ----------------XSDB Script (After Launch)----------------
targets -set -nocase -filter {name =~ "microblaze*#0" && bscan=="USER2"  && jtag_cable_name =~ "Digilent Basys3 210183713238A"} -index 0
con
----------------End of Script----------------

00:08:45 INFO  : Launch script is exported to file '/home/filip/Projects/xilinx/microblaze_VGA/microblaze_VGA.sdk/.sdk/launch_scripts/xilinx_c-c++_application_(system_debugger)/system_debugger_using_debug_vga_and_keyboard_test.elf_on_local.tcl'
00:11:03 INFO  : Inferring section assignments and sizes from elf file: /home/filip/Projects/xilinx/microblaze_VGA/microblaze_VGA.sdk/vga_and_keyboard_test/Debug/vga_and_keyboard_test.elf
00:12:05 INFO  : Successfully generated /home/filip/Projects/xilinx/microblaze_VGA/microblaze_VGA.sdk/vga_and_keyboard_test/src/lscript.ld.
00:12:05 INFO  : Applying linker script to all configurations of project vga_and_keyboard_test.
00:12:05 INFO  : Setting rebuild state to true for all configurations of project vga_and_keyboard_test.
00:16:54 INFO  : Connected to target on host '127.0.0.1' and port '3121'.
00:16:54 INFO  : 'targets -set -filter {jtag_cable_name =~ "Digilent Basys3 210183713238A" && level==0} -index 0' command is executed.
00:16:56 INFO  : FPGA configured successfully with bitstream "/home/filip/Projects/xilinx/microblaze_VGA/microblaze_VGA.sdk/microblaze_MCU_wrapper_hw_platform_0/download.bit"
00:17:02 INFO  : Disconnected from the channel tcfchan#11.
00:17:04 INFO  : 'targets -set -filter {jtag_cable_name =~ "Digilent Basys3 210183713238A" && level==0} -index 0' command is executed.
00:17:04 INFO  : 'fpga -state' command is executed.
00:17:04 INFO  : Connected to target on host '127.0.0.1' and port '3121'.
00:17:04 INFO  : Jtag cable 'Digilent Basys3 210183713238A' is selected.
00:17:04 INFO  : 'jtag frequency' command is executed.
00:17:04 INFO  : 'configparams mdm-detect-bscan-mask 2' command is executed.
00:17:04 INFO  : Context for processor 'microblaze_0' is selected.
00:17:04 INFO  : Processor reset is completed for 'microblaze_0'.
00:17:04 INFO  : Context for processor 'microblaze_0' is selected.
00:17:04 INFO  : The application '/home/filip/Projects/xilinx/microblaze_VGA/microblaze_VGA.sdk/vga_and_keyboard_test/Debug/vga_and_keyboard_test.elf' is downloaded to processor 'microblaze_0'.
00:17:04 INFO  : ----------------XSDB Script----------------
connect -url tcp:127.0.0.1:3121
configparams mdm-detect-bscan-mask 2
targets -set -nocase -filter {name =~ "microblaze*#0" && bscan=="USER2"  && jtag_cable_name =~ "Digilent Basys3 210183713238A"} -index 0
rst -processor
targets -set -nocase -filter {name =~ "microblaze*#0" && bscan=="USER2"  && jtag_cable_name =~ "Digilent Basys3 210183713238A"} -index 0
dow /home/filip/Projects/xilinx/microblaze_VGA/microblaze_VGA.sdk/vga_and_keyboard_test/Debug/vga_and_keyboard_test.elf
----------------End of Script----------------

00:17:04 INFO  : Memory regions updated for context MicroBlaze #0
00:17:04 INFO  : Memory regions updated for context MicroBlaze #0
00:17:04 INFO  : Context for processor 'microblaze_0' is selected.
00:17:04 INFO  : 'con' command is executed.
00:17:04 INFO  : ----------------XSDB Script (After Launch)----------------
targets -set -nocase -filter {name =~ "microblaze*#0" && bscan=="USER2"  && jtag_cable_name =~ "Digilent Basys3 210183713238A"} -index 0
con
----------------End of Script----------------

00:17:04 INFO  : Launch script is exported to file '/home/filip/Projects/xilinx/microblaze_VGA/microblaze_VGA.sdk/.sdk/launch_scripts/xilinx_c-c++_application_(system_debugger)/system_debugger_using_debug_vga_and_keyboard_test.elf_on_local.tcl'
00:22:54 INFO  : Connected to target on host '127.0.0.1' and port '3121'.
00:22:54 INFO  : 'targets -set -filter {jtag_cable_name =~ "Digilent Basys3 210183713238A" && level==0} -index 0' command is executed.
00:22:55 INFO  : FPGA configured successfully with bitstream "/home/filip/Projects/xilinx/microblaze_VGA/microblaze_VGA.sdk/microblaze_MCU_wrapper_hw_platform_0/download.bit"
00:23:03 INFO  : Disconnected from the channel tcfchan#12.
00:23:04 INFO  : 'targets -set -filter {jtag_cable_name =~ "Digilent Basys3 210183713238A" && level==0} -index 0' command is executed.
00:23:04 INFO  : 'fpga -state' command is executed.
00:23:04 INFO  : Connected to target on host '127.0.0.1' and port '3121'.
00:23:05 INFO  : Jtag cable 'Digilent Basys3 210183713238A' is selected.
00:23:05 INFO  : 'jtag frequency' command is executed.
00:23:05 INFO  : 'configparams mdm-detect-bscan-mask 2' command is executed.
00:23:05 INFO  : Context for processor 'microblaze_0' is selected.
00:23:05 INFO  : Processor reset is completed for 'microblaze_0'.
00:23:05 INFO  : Context for processor 'microblaze_0' is selected.
00:23:05 INFO  : The application '/home/filip/Projects/xilinx/microblaze_VGA/microblaze_VGA.sdk/vga_and_keyboard_test/Debug/vga_and_keyboard_test.elf' is downloaded to processor 'microblaze_0'.
00:23:05 INFO  : ----------------XSDB Script----------------
connect -url tcp:127.0.0.1:3121
configparams mdm-detect-bscan-mask 2
targets -set -nocase -filter {name =~ "microblaze*#0" && bscan=="USER2"  && jtag_cable_name =~ "Digilent Basys3 210183713238A"} -index 0
rst -processor
targets -set -nocase -filter {name =~ "microblaze*#0" && bscan=="USER2"  && jtag_cable_name =~ "Digilent Basys3 210183713238A"} -index 0
dow /home/filip/Projects/xilinx/microblaze_VGA/microblaze_VGA.sdk/vga_and_keyboard_test/Debug/vga_and_keyboard_test.elf
----------------End of Script----------------

00:23:05 INFO  : Memory regions updated for context MicroBlaze #0
00:23:05 INFO  : Memory regions updated for context MicroBlaze #0
00:23:05 INFO  : Context for processor 'microblaze_0' is selected.
00:23:05 INFO  : 'con' command is executed.
00:23:05 INFO  : ----------------XSDB Script (After Launch)----------------
targets -set -nocase -filter {name =~ "microblaze*#0" && bscan=="USER2"  && jtag_cable_name =~ "Digilent Basys3 210183713238A"} -index 0
con
----------------End of Script----------------

00:23:05 INFO  : Launch script is exported to file '/home/filip/Projects/xilinx/microblaze_VGA/microblaze_VGA.sdk/.sdk/launch_scripts/xilinx_c-c++_application_(system_debugger)/system_debugger_using_debug_vga_and_keyboard_test.elf_on_local.tcl'
00:24:15 INFO  : Connected to target on host '127.0.0.1' and port '3121'.
00:24:15 INFO  : 'targets -set -filter {jtag_cable_name =~ "Digilent Basys3 210183713238A" && level==0} -index 0' command is executed.
00:24:16 INFO  : FPGA configured successfully with bitstream "/home/filip/Projects/xilinx/microblaze_VGA/microblaze_VGA.sdk/microblaze_MCU_wrapper_hw_platform_0/download.bit"
00:24:46 INFO  : Disconnected from the channel tcfchan#13.
00:24:47 INFO  : 'targets -set -filter {jtag_cable_name =~ "Digilent Basys3 210183713238A" && level==0} -index 0' command is executed.
00:24:47 INFO  : 'fpga -state' command is executed.
00:24:47 INFO  : Connected to target on host '127.0.0.1' and port '3121'.
00:24:47 INFO  : Jtag cable 'Digilent Basys3 210183713238A' is selected.
00:24:47 INFO  : 'jtag frequency' command is executed.
00:24:47 INFO  : 'configparams mdm-detect-bscan-mask 2' command is executed.
00:24:47 INFO  : Context for processor 'microblaze_0' is selected.
00:24:47 INFO  : Processor reset is completed for 'microblaze_0'.
00:24:47 INFO  : Context for processor 'microblaze_0' is selected.
00:24:47 INFO  : The application '/home/filip/Projects/xilinx/microblaze_VGA/microblaze_VGA.sdk/vga_and_keyboard_test/Debug/vga_and_keyboard_test.elf' is downloaded to processor 'microblaze_0'.
00:24:47 INFO  : ----------------XSDB Script----------------
connect -url tcp:127.0.0.1:3121
configparams mdm-detect-bscan-mask 2
targets -set -nocase -filter {name =~ "microblaze*#0" && bscan=="USER2"  && jtag_cable_name =~ "Digilent Basys3 210183713238A"} -index 0
rst -processor
targets -set -nocase -filter {name =~ "microblaze*#0" && bscan=="USER2"  && jtag_cable_name =~ "Digilent Basys3 210183713238A"} -index 0
dow /home/filip/Projects/xilinx/microblaze_VGA/microblaze_VGA.sdk/vga_and_keyboard_test/Debug/vga_and_keyboard_test.elf
----------------End of Script----------------

00:24:47 INFO  : Memory regions updated for context MicroBlaze #0
00:24:47 INFO  : Memory regions updated for context MicroBlaze #0
00:24:47 INFO  : Context for processor 'microblaze_0' is selected.
00:24:47 INFO  : 'con' command is executed.
00:24:47 INFO  : ----------------XSDB Script (After Launch)----------------
targets -set -nocase -filter {name =~ "microblaze*#0" && bscan=="USER2"  && jtag_cable_name =~ "Digilent Basys3 210183713238A"} -index 0
con
----------------End of Script----------------

00:24:47 INFO  : Launch script is exported to file '/home/filip/Projects/xilinx/microblaze_VGA/microblaze_VGA.sdk/.sdk/launch_scripts/xilinx_c-c++_application_(system_debugger)/system_debugger_using_debug_vga_and_keyboard_test.elf_on_local.tcl'
00:27:14 INFO  : Connected to target on host '127.0.0.1' and port '3121'.
00:27:14 INFO  : 'targets -set -filter {jtag_cable_name =~ "Digilent Basys3 210183713238A" && level==0} -index 0' command is executed.
00:27:15 INFO  : FPGA configured successfully with bitstream "/home/filip/Projects/xilinx/microblaze_VGA/microblaze_VGA.sdk/microblaze_MCU_wrapper_hw_platform_0/download.bit"
00:27:24 INFO  : Disconnected from the channel tcfchan#14.
00:27:25 INFO  : 'targets -set -filter {jtag_cable_name =~ "Digilent Basys3 210183713238A" && level==0} -index 0' command is executed.
00:27:25 INFO  : 'fpga -state' command is executed.
00:27:25 INFO  : Connected to target on host '127.0.0.1' and port '3121'.
00:27:25 INFO  : Jtag cable 'Digilent Basys3 210183713238A' is selected.
00:27:25 INFO  : 'jtag frequency' command is executed.
00:27:25 INFO  : 'configparams mdm-detect-bscan-mask 2' command is executed.
00:27:25 INFO  : Context for processor 'microblaze_0' is selected.
00:27:25 INFO  : Processor reset is completed for 'microblaze_0'.
00:27:25 INFO  : Context for processor 'microblaze_0' is selected.
00:27:25 INFO  : The application '/home/filip/Projects/xilinx/microblaze_VGA/microblaze_VGA.sdk/vga_and_keyboard_test/Debug/vga_and_keyboard_test.elf' is downloaded to processor 'microblaze_0'.
00:27:25 INFO  : ----------------XSDB Script----------------
connect -url tcp:127.0.0.1:3121
configparams mdm-detect-bscan-mask 2
targets -set -nocase -filter {name =~ "microblaze*#0" && bscan=="USER2"  && jtag_cable_name =~ "Digilent Basys3 210183713238A"} -index 0
rst -processor
targets -set -nocase -filter {name =~ "microblaze*#0" && bscan=="USER2"  && jtag_cable_name =~ "Digilent Basys3 210183713238A"} -index 0
dow /home/filip/Projects/xilinx/microblaze_VGA/microblaze_VGA.sdk/vga_and_keyboard_test/Debug/vga_and_keyboard_test.elf
----------------End of Script----------------

00:27:25 INFO  : Memory regions updated for context MicroBlaze #0
00:27:25 INFO  : Memory regions updated for context MicroBlaze #0
00:27:25 INFO  : Context for processor 'microblaze_0' is selected.
00:27:25 INFO  : 'con' command is executed.
00:27:25 INFO  : ----------------XSDB Script (After Launch)----------------
targets -set -nocase -filter {name =~ "microblaze*#0" && bscan=="USER2"  && jtag_cable_name =~ "Digilent Basys3 210183713238A"} -index 0
con
----------------End of Script----------------

00:27:25 INFO  : Launch script is exported to file '/home/filip/Projects/xilinx/microblaze_VGA/microblaze_VGA.sdk/.sdk/launch_scripts/xilinx_c-c++_application_(system_debugger)/system_debugger_using_debug_vga_and_keyboard_test.elf_on_local.tcl'
00:30:20 INFO  : Connected to target on host '127.0.0.1' and port '3121'.
00:30:20 INFO  : 'targets -set -filter {jtag_cable_name =~ "Digilent Basys3 210183713238A" && level==0} -index 0' command is executed.
00:30:22 INFO  : FPGA configured successfully with bitstream "/home/filip/Projects/xilinx/microblaze_VGA/microblaze_VGA.sdk/microblaze_MCU_wrapper_hw_platform_0/download.bit"
00:30:28 INFO  : Disconnected from the channel tcfchan#15.
00:30:29 INFO  : 'targets -set -filter {jtag_cable_name =~ "Digilent Basys3 210183713238A" && level==0} -index 0' command is executed.
00:30:29 INFO  : 'fpga -state' command is executed.
00:30:29 INFO  : Connected to target on host '127.0.0.1' and port '3121'.
00:30:29 INFO  : Jtag cable 'Digilent Basys3 210183713238A' is selected.
00:30:29 INFO  : 'jtag frequency' command is executed.
00:30:29 INFO  : 'configparams mdm-detect-bscan-mask 2' command is executed.
00:30:29 INFO  : Context for processor 'microblaze_0' is selected.
00:30:29 INFO  : Processor reset is completed for 'microblaze_0'.
00:30:29 INFO  : Context for processor 'microblaze_0' is selected.
00:30:29 INFO  : The application '/home/filip/Projects/xilinx/microblaze_VGA/microblaze_VGA.sdk/vga_and_keyboard_test/Debug/vga_and_keyboard_test.elf' is downloaded to processor 'microblaze_0'.
00:30:29 INFO  : ----------------XSDB Script----------------
connect -url tcp:127.0.0.1:3121
configparams mdm-detect-bscan-mask 2
targets -set -nocase -filter {name =~ "microblaze*#0" && bscan=="USER2"  && jtag_cable_name =~ "Digilent Basys3 210183713238A"} -index 0
rst -processor
targets -set -nocase -filter {name =~ "microblaze*#0" && bscan=="USER2"  && jtag_cable_name =~ "Digilent Basys3 210183713238A"} -index 0
dow /home/filip/Projects/xilinx/microblaze_VGA/microblaze_VGA.sdk/vga_and_keyboard_test/Debug/vga_and_keyboard_test.elf
----------------End of Script----------------

00:30:29 INFO  : Memory regions updated for context MicroBlaze #0
00:30:29 INFO  : Memory regions updated for context MicroBlaze #0
00:30:29 INFO  : Context for processor 'microblaze_0' is selected.
00:30:29 INFO  : 'con' command is executed.
00:30:29 INFO  : ----------------XSDB Script (After Launch)----------------
targets -set -nocase -filter {name =~ "microblaze*#0" && bscan=="USER2"  && jtag_cable_name =~ "Digilent Basys3 210183713238A"} -index 0
con
----------------End of Script----------------

00:30:29 INFO  : Launch script is exported to file '/home/filip/Projects/xilinx/microblaze_VGA/microblaze_VGA.sdk/.sdk/launch_scripts/xilinx_c-c++_application_(system_debugger)/system_debugger_using_debug_vga_and_keyboard_test.elf_on_local.tcl'
00:37:37 INFO  : Connected to target on host '127.0.0.1' and port '3121'.
00:37:37 INFO  : 'targets -set -filter {jtag_cable_name =~ "Digilent Basys3 210183713238A" && level==0} -index 0' command is executed.
00:37:38 INFO  : FPGA configured successfully with bitstream "/home/filip/Projects/xilinx/microblaze_VGA/microblaze_VGA.sdk/microblaze_MCU_wrapper_hw_platform_0/download.bit"
00:37:44 INFO  : Disconnected from the channel tcfchan#16.
00:37:45 INFO  : 'targets -set -filter {jtag_cable_name =~ "Digilent Basys3 210183713238A" && level==0} -index 0' command is executed.
00:37:45 INFO  : 'fpga -state' command is executed.
00:37:45 INFO  : Connected to target on host '127.0.0.1' and port '3121'.
00:37:45 INFO  : Jtag cable 'Digilent Basys3 210183713238A' is selected.
00:37:45 INFO  : 'jtag frequency' command is executed.
00:37:45 INFO  : 'configparams mdm-detect-bscan-mask 2' command is executed.
00:37:45 INFO  : Context for processor 'microblaze_0' is selected.
00:37:45 INFO  : Processor reset is completed for 'microblaze_0'.
00:37:45 INFO  : Context for processor 'microblaze_0' is selected.
00:37:45 INFO  : The application '/home/filip/Projects/xilinx/microblaze_VGA/microblaze_VGA.sdk/vga_and_keyboard_test/Debug/vga_and_keyboard_test.elf' is downloaded to processor 'microblaze_0'.
00:37:45 INFO  : ----------------XSDB Script----------------
connect -url tcp:127.0.0.1:3121
configparams mdm-detect-bscan-mask 2
targets -set -nocase -filter {name =~ "microblaze*#0" && bscan=="USER2"  && jtag_cable_name =~ "Digilent Basys3 210183713238A"} -index 0
rst -processor
targets -set -nocase -filter {name =~ "microblaze*#0" && bscan=="USER2"  && jtag_cable_name =~ "Digilent Basys3 210183713238A"} -index 0
dow /home/filip/Projects/xilinx/microblaze_VGA/microblaze_VGA.sdk/vga_and_keyboard_test/Debug/vga_and_keyboard_test.elf
----------------End of Script----------------

00:37:45 INFO  : Memory regions updated for context MicroBlaze #0
00:37:45 INFO  : Memory regions updated for context MicroBlaze #0
00:37:45 INFO  : Context for processor 'microblaze_0' is selected.
00:37:45 INFO  : 'con' command is executed.
00:37:45 INFO  : ----------------XSDB Script (After Launch)----------------
targets -set -nocase -filter {name =~ "microblaze*#0" && bscan=="USER2"  && jtag_cable_name =~ "Digilent Basys3 210183713238A"} -index 0
con
----------------End of Script----------------

00:37:45 INFO  : Launch script is exported to file '/home/filip/Projects/xilinx/microblaze_VGA/microblaze_VGA.sdk/.sdk/launch_scripts/xilinx_c-c++_application_(system_debugger)/system_debugger_using_debug_vga_and_keyboard_test.elf_on_local.tcl'
00:38:57 INFO  : Connected to target on host '127.0.0.1' and port '3121'.
00:38:57 INFO  : 'targets -set -filter {jtag_cable_name =~ "Digilent Basys3 210183713238A" && level==0} -index 0' command is executed.
00:38:59 INFO  : FPGA configured successfully with bitstream "/home/filip/Projects/xilinx/microblaze_VGA/microblaze_VGA.sdk/microblaze_MCU_wrapper_hw_platform_0/download.bit"
00:39:04 INFO  : Disconnected from the channel tcfchan#17.
00:39:05 INFO  : 'targets -set -filter {jtag_cable_name =~ "Digilent Basys3 210183713238A" && level==0} -index 0' command is executed.
00:39:05 INFO  : 'fpga -state' command is executed.
00:39:05 INFO  : Connected to target on host '127.0.0.1' and port '3121'.
00:39:05 INFO  : Jtag cable 'Digilent Basys3 210183713238A' is selected.
00:39:05 INFO  : 'jtag frequency' command is executed.
00:39:05 INFO  : 'configparams mdm-detect-bscan-mask 2' command is executed.
00:39:05 INFO  : Context for processor 'microblaze_0' is selected.
00:39:05 INFO  : Processor reset is completed for 'microblaze_0'.
00:39:05 INFO  : Context for processor 'microblaze_0' is selected.
00:39:05 INFO  : The application '/home/filip/Projects/xilinx/microblaze_VGA/microblaze_VGA.sdk/vga_and_keyboard_test/Debug/vga_and_keyboard_test.elf' is downloaded to processor 'microblaze_0'.
00:39:05 INFO  : ----------------XSDB Script----------------
connect -url tcp:127.0.0.1:3121
configparams mdm-detect-bscan-mask 2
targets -set -nocase -filter {name =~ "microblaze*#0" && bscan=="USER2"  && jtag_cable_name =~ "Digilent Basys3 210183713238A"} -index 0
rst -processor
targets -set -nocase -filter {name =~ "microblaze*#0" && bscan=="USER2"  && jtag_cable_name =~ "Digilent Basys3 210183713238A"} -index 0
dow /home/filip/Projects/xilinx/microblaze_VGA/microblaze_VGA.sdk/vga_and_keyboard_test/Debug/vga_and_keyboard_test.elf
----------------End of Script----------------

00:39:05 INFO  : Memory regions updated for context MicroBlaze #0
00:39:05 INFO  : Memory regions updated for context MicroBlaze #0
00:39:05 INFO  : Context for processor 'microblaze_0' is selected.
00:39:05 INFO  : 'con' command is executed.
00:39:05 INFO  : ----------------XSDB Script (After Launch)----------------
targets -set -nocase -filter {name =~ "microblaze*#0" && bscan=="USER2"  && jtag_cable_name =~ "Digilent Basys3 210183713238A"} -index 0
con
----------------End of Script----------------

00:39:05 INFO  : Launch script is exported to file '/home/filip/Projects/xilinx/microblaze_VGA/microblaze_VGA.sdk/.sdk/launch_scripts/xilinx_c-c++_application_(system_debugger)/system_debugger_using_debug_vga_and_keyboard_test.elf_on_local.tcl'
00:46:05 INFO  : Disconnected from the channel tcfchan#18.
09:18:58 INFO  : Registering command handlers for SDK TCF services
09:19:01 INFO  : Launching XSCT server: xsct -n -interactive /home/filip/Projects/xilinx/microblaze_VGA/microblaze_VGA.sdk/temp_xsdb_launch_script.tcl
09:19:05 INFO  : XSCT server has started successfully.
09:19:05 INFO  : Successfully done setting XSCT server connection channel  
09:19:06 INFO  : Successfully done setting SDK workspace  
09:19:06 INFO  : Processing command line option -hwspec /home/filip/Projects/xilinx/microblaze_VGA/microblaze_VGA.sdk/microblaze_MCU_wrapper.hdf.
09:19:06 INFO  : Checking for hwspec changes in the project microblaze_MCU_wrapper_hw_platform_0.
10:53:45 INFO  : Registering command handlers for SDK TCF services
10:53:46 INFO  : Launching XSCT server: xsct -n -interactive /home/filip/Projects/xilinx/FPGA_GAME/vivado/microblaze_VGA/microblaze_VGA.sdk/temp_xsdb_launch_script.tcl
10:53:50 INFO  : XSCT server has started successfully.
10:53:50 INFO  : Successfully done setting XSCT server connection channel  
10:53:50 INFO  : Successfully done setting SDK workspace  
10:53:50 INFO  : Processing command line option -hwspec /home/filip/Projects/xilinx/FPGA_GAME/vivado/microblaze_VGA/microblaze_VGA.sdk/microblaze_MCU_wrapper.hdf.
